2018-07-12 16:07:06.090 [restartedMain] INFO  o.s.c.a.AnnotationConfigApplicationContext - Refreshing org.springframework.context.annotation.AnnotationConfigApplicationContext@164049e5: startup date [Thu Jul 12 16:07:06 CST 2018]; root of context hierarchy
2018-07-12 16:07:06.408 [restartedMain] INFO  o.s.c.s.PostProcessorRegistrationDelegate$BeanPostProcessorChecker - Bean 'configurationPropertiesRebinderAutoConfiguration' of type [org.springframework.cloud.autoconfigure.ConfigurationPropertiesRebinderAutoConfiguration$$EnhancerBySpringCGLIB$$b58baa5b] is not eligible for getting processed by all BeanPostProcessors (for example: not eligible for auto-proxying)
2018-07-12 16:07:06.788 [restartedMain] INFO  o.s.c.c.client.ConfigServicePropertySourceLocator - Fetching config from server at : http://localhost:8888
2018-07-12 16:07:07.892 [restartedMain] INFO  o.s.c.c.client.ConfigServicePropertySourceLocator - Connect Timeout Exception on Url - http://localhost:8888. Will be trying the next url if available
2018-07-12 16:07:07.894 [restartedMain] WARN  o.s.c.c.client.ConfigServicePropertySourceLocator - Could not locate PropertySource: I/O error on GET request for "http://localhost:8888/citybank/default": Connection refused: connect; nested exception is java.net.ConnectException: Connection refused: connect
2018-07-12 16:07:07.896 [restartedMain] INFO  com.tansun.citybank.CitybankApplication - No active profile set, falling back to default profiles: default
2018-07-12 16:07:07.909 [restartedMain] INFO  o.s.b.w.s.c.AnnotationConfigServletWebServerApplicationContext - Refreshing org.springframework.boot.web.servlet.context.AnnotationConfigServletWebServerApplicationContext@541f5743: startup date [Thu Jul 12 16:07:07 CST 2018]; parent: org.springframework.context.annotation.AnnotationConfigApplicationContext@164049e5
2018-07-12 16:07:08.335 [restartedMain] WARN  org.mybatis.spring.mapper.ClassPathMapperScanner - No MyBatis mapper was found in '[com.tansun.citybank.dao]' package. Please check your configuration.
2018-07-12 16:07:08.434 [restartedMain] WARN  org.mybatis.spring.mapper.ClassPathMapperScanner - No MyBatis mapper was found in '[com.tansun.citybank]' package. Please check your configuration.
2018-07-12 16:07:08.490 [restartedMain] INFO  o.s.d.r.config.RepositoryConfigurationDelegate - Multiple Spring Data modules found, entering strict repository configuration mode!
2018-07-12 16:07:08.712 [restartedMain] INFO  o.s.b.factory.support.DefaultListableBeanFactory - Overriding bean definition for bean 'dataSource' with a different definition: replacing [Root bean: class [null]; scope=refresh; abstract=false; lazyInit=false; autowireMode=3; dependencyCheck=0; autowireCandidate=false; primary=false; factoryBeanName=org.springframework.boot.autoconfigure.jdbc.DataSourceConfiguration$Hikari; factoryMethodName=dataSource; initMethodName=null; destroyMethodName=(inferred); defined in class path resource [org/springframework/boot/autoconfigure/jdbc/DataSourceConfiguration$Hikari.class]] with [Root bean: class [org.springframework.aop.scope.ScopedProxyFactoryBean]; scope=; abstract=false; lazyInit=false; autowireMode=0; dependencyCheck=0; autowireCandidate=true; primary=false; factoryBeanName=null; factoryMethodName=null; initMethodName=null; destroyMethodName=null; defined in BeanDefinition defined in class path resource [org/springframework/boot/autoconfigure/jdbc/DataSourceConfiguration$Hikari.class]]
2018-07-12 16:07:08.885 [restartedMain] INFO  o.springframework.cloud.context.scope.GenericScope - BeanFactory id=554ff9fb-655e-3d5a-bf33-dee6fc18f9c1
2018-07-12 16:07:09.045 [restartedMain] INFO  o.s.c.s.PostProcessorRegistrationDelegate$BeanPostProcessorChecker - Bean 'org.springframework.transaction.annotation.ProxyTransactionManagementConfiguration' of type [org.springframework.transaction.annotation.ProxyTransactionManagementConfiguration$$EnhancerBySpringCGLIB$$9971a75e] is not eligible for getting processed by all BeanPostProcessors (for example: not eligible for auto-proxying)
2018-07-12 16:07:09.115 [restartedMain] INFO  o.s.c.s.PostProcessorRegistrationDelegate$BeanPostProcessorChecker - Bean 'org.springframework.cloud.autoconfigure.ConfigurationPropertiesRebinderAutoConfiguration' of type [org.springframework.cloud.autoconfigure.ConfigurationPropertiesRebinderAutoConfiguration$$EnhancerBySpringCGLIB$$b58baa5b] is not eligible for getting processed by all BeanPostProcessors (for example: not eligible for auto-proxying)
2018-07-12 16:07:09.615 [restartedMain] INFO  o.s.boot.web.embedded.tomcat.TomcatWebServer - Tomcat initialized with port(s): 9030 (http)
2018-07-12 16:07:09.628 [restartedMain] INFO  org.apache.coyote.http11.Http11NioProtocol - Initializing ProtocolHandler ["http-nio-9030"]
2018-07-12 16:07:09.636 [restartedMain] INFO  org.apache.catalina.core.StandardService - Starting service [Tomcat]
2018-07-12 16:07:09.637 [restartedMain] INFO  org.apache.catalina.core.StandardEngine - Starting Servlet Engine: Apache Tomcat/8.5.31
2018-07-12 16:07:09.641 [localhost-startStop-1] INFO  org.apache.catalina.core.AprLifecycleListener - The APR based Apache Tomcat Native library which allows optimal performance in production environments was not found on the java.library.path: [C:\Program Files\Java\jre1.8.0_172\bin;C:\Windows\Sun\Java\bin;C:\Windows\system32;C:\Windows;C:/Program Files/Java/jre1.8.0_172/bin/server;C:/Program Files/Java/jre1.8.0_172/bin;C:/Program Files/Java/jre1.8.0_172/lib/amd64;C:\app\Administrator\product\11.2.0\dbhome_1\bin;C:\Program Files (x86)\Common Files\Oracle\Java\javapath;C:\Windows\system32;C:\Windows;C:\Windows\System32\Wbem;C:\Windows\System32\WindowsPowerShell\v1.0\;C:\Program Files\Git\cmd;C:\Users\Administrator\AppData\Local\GitHubDesktop\bin;C:\Users\Administrator\Desktop\eclipse;;.]
2018-07-12 16:07:09.726 [localhost-startStop-1] INFO  o.a.c.core.ContainerBase.[Tomcat].[localhost].[/] - Initializing Spring embedded WebApplicationContext
2018-07-12 16:07:09.726 [localhost-startStop-1] INFO  org.springframework.web.context.ContextLoader - Root WebApplicationContext: initialization completed in 1817 ms
2018-07-12 16:07:09.865 [localhost-startStop-1] INFO  o.s.boot.web.servlet.FilterRegistrationBean - Mapping filter: 'characterEncodingFilter' to: [/*]
2018-07-12 16:07:09.865 [localhost-startStop-1] INFO  o.s.boot.web.servlet.FilterRegistrationBean - Mapping filter: 'hiddenHttpMethodFilter' to: [/*]
2018-07-12 16:07:09.865 [localhost-startStop-1] INFO  o.s.boot.web.servlet.FilterRegistrationBean - Mapping filter: 'httpPutFormContentFilter' to: [/*]
2018-07-12 16:07:09.866 [localhost-startStop-1] INFO  o.s.boot.web.servlet.FilterRegistrationBean - Mapping filter: 'requestContextFilter' to: [/*]
2018-07-12 16:07:09.866 [localhost-startStop-1] INFO  o.s.b.w.s.DelegatingFilterProxyRegistrationBean - Mapping filter: 'springSecurityFilterChain' to: [/*]
2018-07-12 16:07:09.866 [localhost-startStop-1] INFO  o.s.boot.web.servlet.ServletRegistrationBean - Servlet dispatcherServlet mapped to [/]
2018-07-12 16:07:10.175 [restartedMain] INFO  o.s.scheduling.concurrent.ThreadPoolTaskExecutor - Initializing ExecutorService 
2018-07-12 16:07:10.303 [restartedMain] INFO  o.s.web.servlet.handler.SimpleUrlHandlerMapping - Mapped URL path [/**/favicon.ico] onto handler of type [class org.springframework.web.servlet.resource.ResourceHttpRequestHandler]
2018-07-12 16:07:10.522 [restartedMain] INFO  o.s.w.s.m.m.a.RequestMappingHandlerAdapter - Looking for @ControllerAdvice: org.springframework.boot.web.servlet.context.AnnotationConfigServletWebServerApplicationContext@541f5743: startup date [Thu Jul 12 16:07:07 CST 2018]; parent: org.springframework.context.annotation.AnnotationConfigApplicationContext@164049e5
2018-07-12 16:07:10.573 [restartedMain] INFO  o.s.w.s.m.m.a.RequestMappingHandlerMapping - Mapped "{[/InterFaceMethodTest],methods=[GET]}" onto public java.util.Map<java.lang.String, java.lang.String> com.tansun.citybank.controller.InterFaceMethodController.InterFaceMethodTest()
2018-07-12 16:07:10.574 [restartedMain] INFO  o.s.w.s.m.m.a.RequestMappingHandlerMapping - Mapped "{[/test],methods=[GET]}" onto public java.lang.String com.tansun.citybank.controller.InterFaceMethodController.InterFaceMethod()
2018-07-12 16:07:10.578 [restartedMain] INFO  o.s.w.s.m.m.a.RequestMappingHandlerMapping - Mapped "{[/error]}" onto public org.springframework.http.ResponseEntity<java.util.Map<java.lang.String, java.lang.Object>> org.springframework.boot.autoconfigure.web.servlet.error.BasicErrorController.error(javax.servlet.http.HttpServletRequest)
2018-07-12 16:07:10.578 [restartedMain] INFO  o.s.w.s.m.m.a.RequestMappingHandlerMapping - Mapped "{[/error],produces=[text/html]}" onto public org.springframework.web.servlet.ModelAndView org.springframework.boot.autoconfigure.web.servlet.error.BasicErrorController.errorHtml(javax.servlet.http.HttpServletRequest,javax.servlet.http.HttpServletResponse)
2018-07-12 16:07:10.610 [restartedMain] INFO  o.s.web.servlet.handler.SimpleUrlHandlerMapping - Mapped URL path [/webjars/**] onto handler of type [class org.springframework.web.servlet.resource.ResourceHttpRequestHandler]
2018-07-12 16:07:10.610 [restartedMain] INFO  o.s.web.servlet.handler.SimpleUrlHandlerMapping - Mapped URL path [/**] onto handler of type [class org.springframework.web.servlet.resource.ResourceHttpRequestHandler]
2018-07-12 16:07:10.659 [restartedMain] INFO  o.s.b.a.web.servlet.WelcomePageHandlerMapping - Adding welcome page: class path resource [static/index.html]
2018-07-12 16:07:10.677 [restartedMain] INFO  org.springframework.aop.framework.CglibAopProxy - Method [void com.zaxxer.hikari.HikariConfig.seal()] is package-visible across different ClassLoaders and cannot get proxied via CGLIB: Declare this method as public or protected if you need to support invocations through the proxy.
2018-07-12 16:07:11.141 [restartedMain] INFO  o.s.b.a.s.s.UserDetailsServiceAutoConfiguration - 

Using generated security password: 95203b8f-e72c-4c01-afe5-acb689627ddf

2018-07-12 16:07:11.269 [restartedMain] INFO  o.s.security.web.DefaultSecurityFilterChain - Creating filter chain: org.springframework.security.web.util.matcher.AnyRequestMatcher@1, [org.springframework.security.web.context.request.async.WebAsyncManagerIntegrationFilter@18d80522, org.springframework.security.web.context.SecurityContextPersistenceFilter@3f15752, org.springframework.security.web.header.HeaderWriterFilter@48046c59, org.springframework.security.web.authentication.logout.LogoutFilter@1da66fcd, org.springframework.security.web.authentication.www.BasicAuthenticationFilter@6f1c50ef, org.springframework.security.web.savedrequest.RequestCacheAwareFilter@5f53cacc, org.springframework.security.web.servletapi.SecurityContextHolderAwareRequestFilter@445ee67a, org.springframework.security.web.authentication.AnonymousAuthenticationFilter@bc0a913, org.springframework.security.web.session.SessionManagementFilter@6e1cf0c3, org.springframework.security.web.access.ExceptionTranslationFilter@26e291d, org.springframework.security.web.access.intercept.FilterSecurityInterceptor@7171c972]
2018-07-12 16:07:11.391 [restartedMain] INFO  o.s.b.d.autoconfigure.OptionalLiveReloadServer - LiveReload server is running on port 35729
2018-07-12 16:07:11.578 [restartedMain] INFO  o.s.jmx.export.annotation.AnnotationMBeanExporter - Registering beans for JMX exposure on startup
2018-07-12 16:07:11.580 [restartedMain] INFO  o.s.jmx.export.annotation.AnnotationMBeanExporter - Bean with name 'dataSource' has been autodetected for JMX exposure
2018-07-12 16:07:11.589 [restartedMain] INFO  o.s.jmx.export.annotation.AnnotationMBeanExporter - Bean with name 'refreshScope' has been autodetected for JMX exposure
2018-07-12 16:07:11.590 [restartedMain] INFO  o.s.jmx.export.annotation.AnnotationMBeanExporter - Bean with name 'configurationPropertiesRebinder' has been autodetected for JMX exposure
2018-07-12 16:07:11.591 [restartedMain] INFO  o.s.jmx.export.annotation.AnnotationMBeanExporter - Bean with name 'environmentManager' has been autodetected for JMX exposure
2018-07-12 16:07:11.593 [restartedMain] INFO  o.s.jmx.export.annotation.AnnotationMBeanExporter - Located managed bean 'environmentManager': registering with JMX server as MBean [org.springframework.cloud.context.environment:name=environmentManager,type=EnvironmentManager]
2018-07-12 16:07:11.604 [restartedMain] INFO  o.s.jmx.export.annotation.AnnotationMBeanExporter - Located managed bean 'refreshScope': registering with JMX server as MBean [org.springframework.cloud.context.scope.refresh:name=refreshScope,type=RefreshScope]
2018-07-12 16:07:11.614 [restartedMain] INFO  o.s.jmx.export.annotation.AnnotationMBeanExporter - Located managed bean 'configurationPropertiesRebinder': registering with JMX server as MBean [org.springframework.cloud.context.properties:name=configurationPropertiesRebinder,context=541f5743,type=ConfigurationPropertiesRebinder]
2018-07-12 16:07:11.619 [restartedMain] INFO  o.s.jmx.export.annotation.AnnotationMBeanExporter - Located MBean 'dataSource': registering with JMX server as MBean [com.zaxxer.hikari:name=dataSource,type=HikariDataSource]
2018-07-12 16:07:11.631 [restartedMain] INFO  org.apache.coyote.http11.Http11NioProtocol - Starting ProtocolHandler ["http-nio-9030"]
2018-07-12 16:07:11.640 [restartedMain] INFO  org.apache.tomcat.util.net.NioSelectorPool - Using a shared selector for servlet write/read
2018-07-12 16:07:11.654 [restartedMain] INFO  o.s.boot.web.embedded.tomcat.TomcatWebServer - Tomcat started on port(s): 9030 (http) with context path ''
2018-07-12 16:07:11.658 [restartedMain] INFO  com.tansun.citybank.CitybankApplication - Started CitybankApplication in 6.001 seconds (JVM running for 6.865)
2018-07-12 16:07:17.163 [http-nio-9030-exec-2] INFO  o.a.c.core.ContainerBase.[Tomcat].[localhost].[/] - Initializing Spring FrameworkServlet 'dispatcherServlet'
2018-07-12 16:07:17.163 [http-nio-9030-exec-2] INFO  org.springframework.web.servlet.DispatcherServlet - FrameworkServlet 'dispatcherServlet': initialization started
2018-07-12 16:07:17.182 [http-nio-9030-exec-2] INFO  org.springframework.web.servlet.DispatcherServlet - FrameworkServlet 'dispatcherServlet': initialization completed in 19 ms
2018-07-12 16:07:17.566 [http-nio-9030-exec-2] INFO  com.tansun.citybank.filter.AspectFilter - --------------------------------------------------------
2018-07-12 16:07:17.566 [http-nio-9030-exec-2] INFO  com.tansun.citybank.filter.AspectFilter - URL : http://10.164.16.94:9030/test
2018-07-12 16:07:17.566 [http-nio-9030-exec-2] INFO  com.tansun.citybank.filter.AspectFilter - HTTP_METHOD : GET
2018-07-12 16:07:17.566 [http-nio-9030-exec-2] INFO  com.tansun.citybank.filter.AspectFilter - IP : 10.164.16.94
2018-07-12 16:07:17.566 [http-nio-9030-exec-2] INFO  com.tansun.citybank.filter.AspectFilter - CLASS_METHOD : com.tansun.citybank.service.InterFaceService.InterFaceMethod:9
2018-07-12 16:07:17.566 [http-nio-9030-exec-2] INFO  com.tansun.citybank.filter.AspectFilter - ARGS : [http://10.164.16.94:9030/InterFaceMethodTest]
2018-07-12 16:07:17.571 [http-nio-9030-exec-2] INFO  com.tansun.citybank.filter.AspectFilter - RESPONSE : {"InterFaceMethodTest":"InterFaceMethodTest"}
2018-07-12 16:07:17.572 [http-nio-9030-exec-2] INFO  com.tansun.citybank.filter.AspectFilter - SPEND TIME : 358
2018-07-12 16:07:17.572 [http-nio-9030-exec-2] INFO  com.tansun.citybank.filter.AspectFilter - --------------------------------------------------------
2018-07-12 16:51:32.494 [Thread-8] INFO  o.s.c.a.AnnotationConfigApplicationContext - Closing org.springframework.context.annotation.AnnotationConfigApplicationContext@164049e5: startup date [Thu Jul 12 16:07:06 CST 2018]; root of context hierarchy
2018-07-12 16:51:32.495 [Thread-8] INFO  o.s.b.w.s.c.AnnotationConfigServletWebServerApplicationContext - Closing org.springframework.boot.web.servlet.context.AnnotationConfigServletWebServerApplicationContext@541f5743: startup date [Thu Jul 12 16:07:07 CST 2018]; parent: org.springframework.context.annotation.AnnotationConfigApplicationContext@164049e5
2018-07-12 16:51:32.500 [Thread-8] INFO  o.s.jmx.export.annotation.AnnotationMBeanExporter - Unregistering JMX-exposed beans on shutdown
2018-07-12 16:51:32.516 [Thread-8] INFO  o.s.jmx.export.annotation.AnnotationMBeanExporter - Unregistering JMX-exposed beans
2018-07-12 16:51:32.649 [Thread-8] INFO  o.s.scheduling.concurrent.ThreadPoolTaskExecutor - Shutting down ExecutorService
2018-07-12 16:51:33.600 [restartedMain] INFO  o.s.c.a.AnnotationConfigApplicationContext - Refreshing org.springframework.context.annotation.AnnotationConfigApplicationContext@484d86c7: startup date [Thu Jul 12 16:51:33 CST 2018]; root of context hierarchy
2018-07-12 16:51:33.623 [restartedMain] INFO  o.s.c.s.PostProcessorRegistrationDelegate$BeanPostProcessorChecker - Bean 'configurationPropertiesRebinderAutoConfiguration' of type [org.springframework.cloud.autoconfigure.ConfigurationPropertiesRebinderAutoConfiguration$$EnhancerBySpringCGLIB$$b58baa5b] is not eligible for getting processed by all BeanPostProcessors (for example: not eligible for auto-proxying)
2018-07-12 16:51:33.778 [restartedMain] INFO  o.s.c.c.client.ConfigServicePropertySourceLocator - Fetching config from server at : http://localhost:8888
2018-07-12 16:51:34.776 [restartedMain] INFO  o.s.c.c.client.ConfigServicePropertySourceLocator - Connect Timeout Exception on Url - http://localhost:8888. Will be trying the next url if available
2018-07-12 16:51:34.777 [restartedMain] WARN  o.s.c.c.client.ConfigServicePropertySourceLocator - Could not locate PropertySource: I/O error on GET request for "http://localhost:8888/citybank/default": Connection refused: connect; nested exception is java.net.ConnectException: Connection refused: connect
2018-07-12 16:51:34.778 [restartedMain] INFO  com.tansun.citybank.CitybankApplication - No active profile set, falling back to default profiles: default
2018-07-12 16:51:34.782 [restartedMain] INFO  o.s.b.w.s.c.AnnotationConfigServletWebServerApplicationContext - Refreshing org.springframework.boot.web.servlet.context.AnnotationConfigServletWebServerApplicationContext@72a6a5e3: startup date [Thu Jul 12 16:51:34 CST 2018]; parent: org.springframework.context.annotation.AnnotationConfigApplicationContext@484d86c7
2018-07-12 16:51:35.118 [restartedMain] WARN  org.mybatis.spring.mapper.ClassPathMapperScanner - No MyBatis mapper was found in '[com.tansun.citybank.dao]' package. Please check your configuration.
2018-07-12 16:51:35.147 [restartedMain] WARN  org.mybatis.spring.mapper.ClassPathMapperScanner - No MyBatis mapper was found in '[com.tansun.citybank]' package. Please check your configuration.
2018-07-12 16:51:35.157 [restartedMain] INFO  o.s.d.r.config.RepositoryConfigurationDelegate - Multiple Spring Data modules found, entering strict repository configuration mode!
2018-07-12 16:51:35.213 [restartedMain] INFO  o.s.b.factory.support.DefaultListableBeanFactory - Overriding bean definition for bean 'dataSource' with a different definition: replacing [Root bean: class [null]; scope=refresh; abstract=false; lazyInit=false; autowireMode=3; dependencyCheck=0; autowireCandidate=false; primary=false; factoryBeanName=org.springframework.boot.autoconfigure.jdbc.DataSourceConfiguration$Hikari; factoryMethodName=dataSource; initMethodName=null; destroyMethodName=(inferred); defined in class path resource [org/springframework/boot/autoconfigure/jdbc/DataSourceConfiguration$Hikari.class]] with [Root bean: class [org.springframework.aop.scope.ScopedProxyFactoryBean]; scope=; abstract=false; lazyInit=false; autowireMode=0; dependencyCheck=0; autowireCandidate=true; primary=false; factoryBeanName=null; factoryMethodName=null; initMethodName=null; destroyMethodName=null; defined in BeanDefinition defined in class path resource [org/springframework/boot/autoconfigure/jdbc/DataSourceConfiguration$Hikari.class]]
2018-07-12 16:51:35.247 [restartedMain] INFO  o.springframework.cloud.context.scope.GenericScope - BeanFactory id=554ff9fb-655e-3d5a-bf33-dee6fc18f9c1
2018-07-12 16:51:35.272 [restartedMain] INFO  o.s.c.s.PostProcessorRegistrationDelegate$BeanPostProcessorChecker - Bean 'org.springframework.transaction.annotation.ProxyTransactionManagementConfiguration' of type [org.springframework.transaction.annotation.ProxyTransactionManagementConfiguration$$EnhancerBySpringCGLIB$$9971a75e] is not eligible for getting processed by all BeanPostProcessors (for example: not eligible for auto-proxying)
2018-07-12 16:51:35.277 [restartedMain] INFO  o.s.c.s.PostProcessorRegistrationDelegate$BeanPostProcessorChecker - Bean 'org.springframework.cloud.autoconfigure.ConfigurationPropertiesRebinderAutoConfiguration' of type [org.springframework.cloud.autoconfigure.ConfigurationPropertiesRebinderAutoConfiguration$$EnhancerBySpringCGLIB$$b58baa5b] is not eligible for getting processed by all BeanPostProcessors (for example: not eligible for auto-proxying)
2018-07-12 16:51:35.376 [restartedMain] INFO  o.s.boot.web.embedded.tomcat.TomcatWebServer - Tomcat initialized with port(s): 9030 (http)
2018-07-12 16:51:35.377 [restartedMain] INFO  org.apache.coyote.http11.Http11NioProtocol - Initializing ProtocolHandler ["http-nio-9030"]
2018-07-12 16:51:35.378 [restartedMain] INFO  org.apache.catalina.core.StandardService - Starting service [Tomcat]
2018-07-12 16:51:35.378 [restartedMain] INFO  org.apache.catalina.core.StandardEngine - Starting Servlet Engine: Apache Tomcat/8.5.31
2018-07-12 16:51:35.395 [localhost-startStop-1] INFO  o.a.c.core.ContainerBase.[Tomcat].[localhost].[/] - Initializing Spring embedded WebApplicationContext
2018-07-12 16:51:35.395 [localhost-startStop-1] INFO  org.springframework.web.context.ContextLoader - Root WebApplicationContext: initialization completed in 613 ms
2018-07-12 16:51:35.449 [localhost-startStop-1] INFO  o.s.boot.web.servlet.FilterRegistrationBean - Mapping filter: 'characterEncodingFilter' to: [/*]
2018-07-12 16:51:35.449 [localhost-startStop-1] INFO  o.s.boot.web.servlet.FilterRegistrationBean - Mapping filter: 'hiddenHttpMethodFilter' to: [/*]
2018-07-12 16:51:35.449 [localhost-startStop-1] INFO  o.s.boot.web.servlet.FilterRegistrationBean - Mapping filter: 'httpPutFormContentFilter' to: [/*]
2018-07-12 16:51:35.449 [localhost-startStop-1] INFO  o.s.boot.web.servlet.FilterRegistrationBean - Mapping filter: 'requestContextFilter' to: [/*]
2018-07-12 16:51:35.449 [localhost-startStop-1] INFO  o.s.b.w.s.DelegatingFilterProxyRegistrationBean - Mapping filter: 'springSecurityFilterChain' to: [/*]
2018-07-12 16:51:35.449 [localhost-startStop-1] INFO  o.s.boot.web.servlet.ServletRegistrationBean - Servlet dispatcherServlet mapped to [/]
2018-07-12 16:51:35.523 [restartedMain] INFO  o.s.scheduling.concurrent.ThreadPoolTaskExecutor - Initializing ExecutorService 
2018-07-12 16:51:35.581 [restartedMain] INFO  o.s.web.servlet.handler.SimpleUrlHandlerMapping - Mapped URL path [/**/favicon.ico] onto handler of type [class org.springframework.web.servlet.resource.ResourceHttpRequestHandler]
2018-07-12 16:51:35.656 [restartedMain] INFO  o.s.w.s.m.m.a.RequestMappingHandlerAdapter - Looking for @ControllerAdvice: org.springframework.boot.web.servlet.context.AnnotationConfigServletWebServerApplicationContext@72a6a5e3: startup date [Thu Jul 12 16:51:34 CST 2018]; parent: org.springframework.context.annotation.AnnotationConfigApplicationContext@484d86c7
2018-07-12 16:51:35.671 [restartedMain] INFO  o.s.w.s.m.m.a.RequestMappingHandlerMapping - Mapped "{[/InterFaceMethodTest],methods=[GET]}" onto public java.util.Map<java.lang.String, java.lang.String> com.tansun.citybank.controller.InterFaceMethodController.InterFaceMethodTest()
2018-07-12 16:51:35.671 [restartedMain] INFO  o.s.w.s.m.m.a.RequestMappingHandlerMapping - Mapped "{[/test],methods=[GET]}" onto public java.lang.String com.tansun.citybank.controller.InterFaceMethodController.InterFaceMethod()
2018-07-12 16:51:35.673 [restartedMain] INFO  o.s.w.s.m.m.a.RequestMappingHandlerMapping - Mapped "{[/error]}" onto public org.springframework.http.ResponseEntity<java.util.Map<java.lang.String, java.lang.Object>> org.springframework.boot.autoconfigure.web.servlet.error.BasicErrorController.error(javax.servlet.http.HttpServletRequest)
2018-07-12 16:51:35.673 [restartedMain] INFO  o.s.w.s.m.m.a.RequestMappingHandlerMapping - Mapped "{[/error],produces=[text/html]}" onto public org.springframework.web.servlet.ModelAndView org.springframework.boot.autoconfigure.web.servlet.error.BasicErrorController.errorHtml(javax.servlet.http.HttpServletRequest,javax.servlet.http.HttpServletResponse)
2018-07-12 16:51:35.686 [restartedMain] INFO  o.s.web.servlet.handler.SimpleUrlHandlerMapping - Mapped URL path [/webjars/**] onto handler of type [class org.springframework.web.servlet.resource.ResourceHttpRequestHandler]
2018-07-12 16:51:35.686 [restartedMain] INFO  o.s.web.servlet.handler.SimpleUrlHandlerMapping - Mapped URL path [/**] onto handler of type [class org.springframework.web.servlet.resource.ResourceHttpRequestHandler]
2018-07-12 16:51:35.704 [restartedMain] INFO  o.s.b.a.web.servlet.WelcomePageHandlerMapping - Adding welcome page: class path resource [static/index.html]
2018-07-12 16:51:35.847 [restartedMain] INFO  o.s.b.a.s.s.UserDetailsServiceAutoConfiguration - 

Using generated security password: bad2f353-befc-4ac2-8a49-a62f90e4e930

2018-07-12 16:51:35.864 [restartedMain] INFO  o.s.security.web.DefaultSecurityFilterChain - Creating filter chain: org.springframework.security.web.util.matcher.AnyRequestMatcher@1, [org.springframework.security.web.context.request.async.WebAsyncManagerIntegrationFilter@5f4b9c0, org.springframework.security.web.context.SecurityContextPersistenceFilter@b9a8806, org.springframework.security.web.header.HeaderWriterFilter@12069bcd, org.springframework.security.web.authentication.logout.LogoutFilter@5141db4e, org.springframework.security.web.authentication.www.BasicAuthenticationFilter@e44a3d8, org.springframework.security.web.savedrequest.RequestCacheAwareFilter@631a08a, org.springframework.security.web.servletapi.SecurityContextHolderAwareRequestFilter@20cf9b72, org.springframework.security.web.authentication.AnonymousAuthenticationFilter@1335544e, org.springframework.security.web.session.SessionManagementFilter@6f23db8e, org.springframework.security.web.access.ExceptionTranslationFilter@41598ff0, org.springframework.security.web.access.intercept.FilterSecurityInterceptor@312de9a1]
2018-07-12 16:51:35.904 [restartedMain] INFO  o.s.b.d.autoconfigure.OptionalLiveReloadServer - LiveReload server is running on port 35729
2018-07-12 16:51:36.039 [restartedMain] INFO  o.s.jmx.export.annotation.AnnotationMBeanExporter - Registering beans for JMX exposure on startup
2018-07-12 16:51:36.041 [restartedMain] INFO  o.s.jmx.export.annotation.AnnotationMBeanExporter - Bean with name 'dataSource' has been autodetected for JMX exposure
2018-07-12 16:51:36.047 [restartedMain] INFO  o.s.jmx.export.annotation.AnnotationMBeanExporter - Bean with name 'refreshScope' has been autodetected for JMX exposure
2018-07-12 16:51:36.048 [restartedMain] INFO  o.s.jmx.export.annotation.AnnotationMBeanExporter - Bean with name 'configurationPropertiesRebinder' has been autodetected for JMX exposure
2018-07-12 16:51:36.048 [restartedMain] INFO  o.s.jmx.export.annotation.AnnotationMBeanExporter - Bean with name 'environmentManager' has been autodetected for JMX exposure
2018-07-12 16:51:36.051 [restartedMain] INFO  o.s.jmx.export.annotation.AnnotationMBeanExporter - Located managed bean 'environmentManager': registering with JMX server as MBean [org.springframework.cloud.context.environment:name=environmentManager,type=EnvironmentManager]
2018-07-12 16:51:36.054 [restartedMain] INFO  o.s.jmx.export.annotation.AnnotationMBeanExporter - Located managed bean 'refreshScope': registering with JMX server as MBean [org.springframework.cloud.context.scope.refresh:name=refreshScope,type=RefreshScope]
2018-07-12 16:51:36.058 [restartedMain] INFO  o.s.jmx.export.annotation.AnnotationMBeanExporter - Located managed bean 'configurationPropertiesRebinder': registering with JMX server as MBean [org.springframework.cloud.context.properties:name=configurationPropertiesRebinder,context=72a6a5e3,type=ConfigurationPropertiesRebinder]
2018-07-12 16:51:36.061 [restartedMain] INFO  o.s.jmx.export.annotation.AnnotationMBeanExporter - Located MBean 'dataSource': registering with JMX server as MBean [com.zaxxer.hikari:name=dataSource,type=HikariDataSource]
2018-07-12 16:51:36.070 [restartedMain] INFO  org.apache.coyote.http11.Http11NioProtocol - Starting ProtocolHandler ["http-nio-9030"]
2018-07-12 16:51:36.071 [restartedMain] INFO  org.apache.tomcat.util.net.NioSelectorPool - Using a shared selector for servlet write/read
2018-07-12 16:51:36.074 [restartedMain] INFO  o.s.boot.web.embedded.tomcat.TomcatWebServer - Tomcat started on port(s): 9030 (http) with context path ''
2018-07-12 16:51:36.076 [restartedMain] INFO  com.tansun.citybank.CitybankApplication - Started CitybankApplication in 2.607 seconds (JVM running for 2671.094)
2018-07-12 16:51:36.080 [restartedMain] INFO  o.s.b.d.a.ConditionEvaluationDeltaLoggingListener - Condition evaluation unchanged
2018-07-12 16:51:38.121 [RMI TCP Connection(2)-127.0.0.1] INFO  o.s.b.a.SpringApplicationAdminMXBeanRegistrar$SpringApplicationAdmin - Application shutdown requested.
2018-07-12 16:51:38.122 [RMI TCP Connection(2)-127.0.0.1] INFO  o.s.b.w.s.c.AnnotationConfigServletWebServerApplicationContext - Closing org.springframework.boot.web.servlet.context.AnnotationConfigServletWebServerApplicationContext@72a6a5e3: startup date [Thu Jul 12 16:51:34 CST 2018]; parent: org.springframework.context.annotation.AnnotationConfigApplicationContext@484d86c7
2018-07-12 16:51:38.126 [RMI TCP Connection(2)-127.0.0.1] INFO  o.s.jmx.export.annotation.AnnotationMBeanExporter - Unregistering JMX-exposed beans on shutdown
2018-07-12 16:51:38.127 [RMI TCP Connection(2)-127.0.0.1] INFO  o.s.jmx.export.annotation.AnnotationMBeanExporter - Unregistering JMX-exposed beans
2018-07-12 16:51:38.128 [RMI TCP Connection(2)-127.0.0.1] INFO  o.s.scheduling.concurrent.ThreadPoolTaskExecutor - Shutting down ExecutorService
2018-07-12 16:51:38.142 [RMI TCP Connection(2)-127.0.0.1] INFO  org.apache.coyote.http11.Http11NioProtocol - Pausing ProtocolHandler ["http-nio-9030"]
2018-07-12 16:51:38.250 [RMI TCP Connection(2)-127.0.0.1] INFO  org.apache.catalina.core.StandardService - Stopping service [Tomcat]
2018-07-12 16:51:38.254 [RMI TCP Connection(2)-127.0.0.1] INFO  org.apache.coyote.http11.Http11NioProtocol - Stopping ProtocolHandler ["http-nio-9030"]
2018-07-12 16:51:38.257 [RMI TCP Connection(2)-127.0.0.1] INFO  org.apache.coyote.http11.Http11NioProtocol - Destroying ProtocolHandler ["http-nio-9030"]
